This is pdfTeX, Version 3.14159265-2.6-1.40.21 (TeX Live 2020/W32TeX) (preloaded format=pdflatex 2021.3.22)  24 MAR 2021 11:02
entering extended mode
 restricted \write18 enabled.
 %&-line parsing enabled.
**kobakiancook.tex
(./kobakiancook.tex
LaTeX2e <2020-10-01> patch level 4
L3 programming layer <2021-02-18>
(c:/Users/Mr. Normanby/AppData/Roaming/TinyTeX/texmf-dist/tex/latex/base/articl
e.cls
Document Class: article 2020/04/10 v1.4m Standard LaTeX document class

(c:/Users/Mr. Normanby/AppData/Roaming/TinyTeX/texmf-dist/tex/latex/base/size12
.clo
File: size12.clo 2020/04/10 v1.4m Standard LaTeX file (size option)
)
\c@part=\count179
\c@section=\count180
\c@subsection=\count181
\c@subsubsection=\count182
\c@paragraph=\count183
\c@subparagraph=\count184
\c@figure=\count185
\c@table=\count186
\abovecaptionskip=\skip47
\belowcaptionskip=\skip48
\bibindent=\dimen138
)
(c:/Users/Mr. Normanby/AppData/Roaming/TinyTeX/texmf-dist/tex/latex/amsmath/ams
math.sty
Package: amsmath 2020/09/23 v2.17i AMS math features
\@mathmargin=\skip49
For additional information on amsmath, use the `?' option.

(c:/Users/Mr. Normanby/AppData/Roaming/TinyTeX/texmf-dist/tex/latex/amsmath/ams
text.sty
Package: amstext 2000/06/29 v2.01 AMS text

(c:/Users/Mr. Normanby/AppData/Roaming/TinyTeX/texmf-dist/tex/latex/amsmath/ams
gen.sty
File: amsgen.sty 1999/11/30 v2.0 generic functions
\@emptytoks=\toks15
\ex@=\dimen139
))
(c:/Users/Mr. Normanby/AppData/Roaming/TinyTeX/texmf-dist/tex/latex/amsmath/ams
bsy.sty
Package: amsbsy 1999/11/29 v1.2d Bold Symbols
\pmbraise@=\dimen140
)
(c:/Users/Mr. Normanby/AppData/Roaming/TinyTeX/texmf-dist/tex/latex/amsmath/ams
opn.sty
Package: amsopn 2016/03/08 v2.02 operator names
)
\inf@bad=\count187
LaTeX Info: Redefining \frac on input line 234.
\uproot@=\count188
\leftroot@=\count189
LaTeX Info: Redefining \overline on input line 399.
\classnum@=\count190
\DOTSCASE@=\count191
LaTeX Info: Redefining \ldots on input line 496.
LaTeX Info: Redefining \dots on input line 499.
LaTeX Info: Redefining \cdots on input line 620.
\Mathstrutbox@=\box47
\strutbox@=\box48
\big@size=\dimen141
LaTeX Font Info:    Redeclaring font encoding OML on input line 743.
LaTeX Font Info:    Redeclaring font encoding OMS on input line 744.
\macc@depth=\count192
\c@MaxMatrixCols=\count193
\dotsspace@=\muskip16
\c@parentequation=\count194
\dspbrk@lvl=\count195
\tag@help=\toks16
\row@=\count196
\column@=\count197
\maxfields@=\count198
\andhelp@=\toks17
\eqnshift@=\dimen142
\alignsep@=\dimen143
\tagshift@=\dimen144
\tagwidth@=\dimen145
\totwidth@=\dimen146
\lineht@=\dimen147
\@envbody=\toks18
\multlinegap=\skip50
\multlinetaggap=\skip51
\mathdisplay@stack=\toks19
LaTeX Info: Redefining \[ on input line 2923.
LaTeX Info: Redefining \] on input line 2924.
)
(c:/Users/Mr. Normanby/AppData/Roaming/TinyTeX/texmf-dist/tex/latex/graphics/gr
aphicx.sty
Package: graphicx 2020/09/09 v1.2b Enhanced LaTeX Graphics (DPC,SPQR)

(c:/Users/Mr. Normanby/AppData/Roaming/TinyTeX/texmf-dist/tex/latex/graphics/ke
yval.sty
Package: keyval 2014/10/28 v1.15 key=value parser (DPC)
\KV@toks@=\toks20
)
(c:/Users/Mr. Normanby/AppData/Roaming/TinyTeX/texmf-dist/tex/latex/graphics/gr
aphics.sty
Package: graphics 2020/08/30 v1.4c Standard LaTeX Graphics (DPC,SPQR)

(c:/Users/Mr. Normanby/AppData/Roaming/TinyTeX/texmf-dist/tex/latex/graphics/tr
ig.sty
Package: trig 2016/01/03 v1.10 sin cos tan (DPC)
)
(c:/Users/Mr. Normanby/AppData/Roaming/TinyTeX/texmf-dist/tex/latex/graphics-cf
g/graphics.cfg
File: graphics.cfg 2016/06/04 v1.11 sample graphics configuration
)
Package graphics Info: Driver file: pdftex.def on input line 105.

(c:/Users/Mr. Normanby/AppData/Roaming/TinyTeX/texmf-dist/tex/latex/graphics-de
f/pdftex.def
File: pdftex.def 2020/10/05 v1.2a Graphics/color driver for pdftex
))
\Gin@req@height=\dimen148
\Gin@req@width=\dimen149
)
(c:/Users/Mr. Normanby/AppData/Roaming/TinyTeX/texmf-dist/tex/latex/psfrag/psfr
ag.sty
Package: psfrag 1998/04/11 v3.04 PSfrag (MCG)
\pfg@pcount=\count199
\pfg@scount=\count266
\pfg@temp=\write3
)
(c:/Users/Mr. Normanby/AppData/Roaming/TinyTeX/texmf-dist/tex/generic/epsf/epsf
.sty
This is `epsf.tex' v2.7.4 <14 February 2011>
\epsffilein=\read2
\epsfframemargin=\dimen150
\epsfframethickness=\dimen151
\epsfrsize=\dimen152
\epsftmp=\dimen153
\epsftsize=\dimen154
\epsfxsize=\dimen155
\epsfysize=\dimen156
\pspoints=\dimen157
)
(c:/Users/Mr. Normanby/AppData/Roaming/TinyTeX/texmf-dist/tex/latex/tools/enume
rate.sty
Package: enumerate 2015/07/23 v3.00 enumerate extensions (DPC)
\@enLab=\toks21
)
(c:/Users/Mr. Normanby/AppData/Roaming/TinyTeX/texmf-dist/tex/latex/natbib/natb
ib.sty
Package: natbib 2010/09/13 8.31b (PWD, AO)
\bibhang=\skip52
\bibsep=\skip53
LaTeX Info: Redefining \cite on input line 694.
\c@NAT@ctr=\count267
)
(c:/Users/Mr. Normanby/AppData/Roaming/TinyTeX/texmf-dist/tex/latex/base/textco
mp.sty
Package: textcomp 2020/02/02 v2.0n Standard LaTeX package
)
(c:/Users/Mr. Normanby/AppData/Roaming/TinyTeX/texmf-dist/tex/latex/url/url.sty
\Urlmuskip=\muskip17
Package: url 2013/09/16  ver 3.4  Verb mode for urls, etc.
)
(c:/Users/Mr. Normanby/AppData/Roaming/TinyTeX/texmf-dist/tex/latex/hyperref/hy
perref.sty
Package: hyperref 2021-02-27 v7.00k Hypertext links for LaTeX

(c:/Users/Mr. Normanby/AppData/Roaming/TinyTeX/texmf-dist/tex/generic/ltxcmds/l
txcmds.sty
Package: ltxcmds 2020-05-10 v1.25 LaTeX kernel commands for general use (HO)
)
(c:/Users/Mr. Normanby/AppData/Roaming/TinyTeX/texmf-dist/tex/generic/iftex/ift
ex.sty
Package: iftex 2020/03/06 v1.0d TeX engine tests
)
(c:/Users/Mr. Normanby/AppData/Roaming/TinyTeX/texmf-dist/tex/generic/pdftexcmd
s/pdftexcmds.sty
Package: pdftexcmds 2020-06-27 v0.33 Utility functions of pdfTeX for LuaTeX (HO
)

(c:/Users/Mr. Normanby/AppData/Roaming/TinyTeX/texmf-dist/tex/generic/infwarerr
/infwarerr.sty
Package: infwarerr 2019/12/03 v1.5 Providing info/warning/error messages (HO)
)
Package pdftexcmds Info: \pdf@primitive is available.
Package pdftexcmds Info: \pdf@ifprimitive is available.
Package pdftexcmds Info: \pdfdraftmode found.
)
(c:/Users/Mr. Normanby/AppData/Roaming/TinyTeX/texmf-dist/tex/generic/kvsetkeys
/kvsetkeys.sty
Package: kvsetkeys 2019/12/15 v1.18 Key value parser (HO)
)
(c:/Users/Mr. Normanby/AppData/Roaming/TinyTeX/texmf-dist/tex/generic/kvdefinek
eys/kvdefinekeys.sty
Package: kvdefinekeys 2019-12-19 v1.6 Define keys (HO)
)
(c:/Users/Mr. Normanby/AppData/Roaming/TinyTeX/texmf-dist/tex/generic/pdfescape
/pdfescape.sty
Package: pdfescape 2019/12/09 v1.15 Implements pdfTeX's escape features (HO)
)
(c:/Users/Mr. Normanby/AppData/Roaming/TinyTeX/texmf-dist/tex/latex/hycolor/hyc
olor.sty
Package: hycolor 2020-01-27 v1.10 Color options for hyperref/bookmark (HO)
)
(c:/Users/Mr. Normanby/AppData/Roaming/TinyTeX/texmf-dist/tex/latex/letltxmacro
/letltxmacro.sty
Package: letltxmacro 2019/12/03 v1.6 Let assignment for LaTeX macros (HO)
)
(c:/Users/Mr. Normanby/AppData/Roaming/TinyTeX/texmf-dist/tex/latex/auxhook/aux
hook.sty
Package: auxhook 2019-12-17 v1.6 Hooks for auxiliary files (HO)
)
(c:/Users/Mr. Normanby/AppData/Roaming/TinyTeX/texmf-dist/tex/latex/kvoptions/k
voptions.sty
Package: kvoptions 2020-10-07 v3.14 Key value format for package options (HO)
)
\@linkdim=\dimen158
\Hy@linkcounter=\count268
\Hy@pagecounter=\count269

(c:/Users/Mr. Normanby/AppData/Roaming/TinyTeX/texmf-dist/tex/latex/hyperref/pd
1enc.def
File: pd1enc.def 2021-02-27 v7.00k Hyperref: PDFDocEncoding definition (HO)
Now handling font encoding PD1 ...
... no UTF-8 mapping file for font encoding PD1
)
(c:/Users/Mr. Normanby/AppData/Roaming/TinyTeX/texmf-dist/tex/latex/hyperref/hy
perref-langpatches.def
File: hyperref-langpatches.def 2021-02-27 v7.00k Hyperref: patches for babel la
nguages
)
(c:/Users/Mr. Normanby/AppData/Roaming/TinyTeX/texmf-dist/tex/generic/intcalc/i
ntcalc.sty
Package: intcalc 2019/12/15 v1.3 Expandable calculations with integers (HO)
)
(c:/Users/Mr. Normanby/AppData/Roaming/TinyTeX/texmf-dist/tex/generic/etexcmds/
etexcmds.sty
Package: etexcmds 2019/12/15 v1.7 Avoid name clashes with e-TeX commands (HO)
)
\Hy@SavedSpaceFactor=\count270

(c:/Users/Mr. Normanby/AppData/Roaming/TinyTeX/texmf-dist/tex/latex/hyperref/pu
enc.def
File: puenc.def 2021-02-27 v7.00k Hyperref: PDF Unicode definition (HO)
Now handling font encoding PU ...
... no UTF-8 mapping file for font encoding PU
)
Package hyperref Info: Hyper figures OFF on input line 4192.
Package hyperref Info: Link nesting OFF on input line 4197.
Package hyperref Info: Hyper index ON on input line 4200.
Package hyperref Info: Plain pages OFF on input line 4207.
Package hyperref Info: Backreferencing OFF on input line 4212.
Package hyperref Info: Implicit mode ON; LaTeX internals redefined.
Package hyperref Info: Bookmarks ON on input line 4445.
\c@Hy@tempcnt=\count271
LaTeX Info: Redefining \url on input line 4804.
\XeTeXLinkMargin=\dimen159

(c:/Users/Mr. Normanby/AppData/Roaming/TinyTeX/texmf-dist/tex/generic/bitset/bi
tset.sty
Package: bitset 2019/12/09 v1.3 Handle bit-vector datatype (HO)

(c:/Users/Mr. Normanby/AppData/Roaming/TinyTeX/texmf-dist/tex/generic/bigintcal
c/bigintcalc.sty
Package: bigintcalc 2019/12/15 v1.5 Expandable calculations on big integers (HO
)
))
\Fld@menulength=\count272
\Field@Width=\dimen160
\Fld@charsize=\dimen161
Package hyperref Info: Hyper figures OFF on input line 6075.
Package hyperref Info: Link nesting OFF on input line 6080.
Package hyperref Info: Hyper index ON on input line 6083.
Package hyperref Info: backreferencing OFF on input line 6090.
Package hyperref Info: Link coloring OFF on input line 6095.
Package hyperref Info: Link coloring with OCG OFF on input line 6100.
Package hyperref Info: PDF/A mode OFF on input line 6105.
LaTeX Info: Redefining \ref on input line 6145.
LaTeX Info: Redefining \pageref on input line 6149.

(c:/Users/Mr. Normanby/AppData/Roaming/TinyTeX/texmf-dist/tex/latex/base/atbegs
hi-ltx.sty
Package: atbegshi-ltx 2020/08/17 v1.0a Emulation of the original atbegshi packa
ge
with kernel methods
)
\Hy@abspage=\count273
\c@Item=\count274
\c@Hfootnote=\count275
)
Package hyperref Info: Driver (autodetected): hpdftex.

(c:/Users/Mr. Normanby/AppData/Roaming/TinyTeX/texmf-dist/tex/latex/hyperref/hp
dftex.def
File: hpdftex.def 2021-02-27 v7.00k Hyperref driver for pdfTeX

(c:/Users/Mr. Normanby/AppData/Roaming/TinyTeX/texmf-dist/tex/latex/base/atvery
end-ltx.sty
Package: atveryend-ltx 2020/08/19 v1.0a Emulation of the original atvery packag
e
with kernel methods
)
\Fld@listcount=\count276
\c@bookmark@seq@number=\count277

(c:/Users/Mr. Normanby/AppData/Roaming/TinyTeX/texmf-dist/tex/latex/rerunfilech
eck/rerunfilecheck.sty
Package: rerunfilecheck 2019/12/05 v1.9 Rerun checks for auxiliary files (HO)

(c:/Users/Mr. Normanby/AppData/Roaming/TinyTeX/texmf-dist/tex/generic/uniquecou
nter/uniquecounter.sty
Package: uniquecounter 2019/12/15 v1.4 Provide unlimited unique counter (HO)
)
Package uniquecounter Info: New unique counter `rerunfilecheck' on input line 2
86.
)
\Hy@SectionHShift=\skip54
)
(c:/Users/Mr. Normanby/AppData/Roaming/TinyTeX/texmf-dist/tex/latex/booktabs/bo
oktabs.sty
Package: booktabs 2020/01/12 v1.61803398 Publication quality tables
\heavyrulewidth=\dimen162
\lightrulewidth=\dimen163
\cmidrulewidth=\dimen164
\belowrulesep=\dimen165
\belowbottomsep=\dimen166
\aboverulesep=\dimen167
\abovetopsep=\dimen168
\cmidrulesep=\dimen169
\cmidrulekern=\dimen170
\defaultaddspace=\dimen171
\@cmidla=\count278
\@cmidlb=\count279
\@aboverulesep=\dimen172
\@belowrulesep=\dimen173
\@thisruleclass=\count280
\@lastruleclass=\count281
\@thisrulewidth=\dimen174
)
(c:/Users/Mr. Normanby/AppData/Roaming/TinyTeX/texmf-dist/tex/latex/tools/longt
able.sty
Package: longtable 2020/01/07 v4.13 Multi-page Table package (DPC)
\LTleft=\skip55
\LTright=\skip56
\LTpre=\skip57
\LTpost=\skip58
\LTchunksize=\count282
\LTcapwidth=\dimen175
\LT@head=\box49
\LT@firsthead=\box50
\LT@foot=\box51
\LT@lastfoot=\box52
\LT@cols=\count283
\LT@rows=\count284
\c@LT@tables=\count285
\c@LT@chunks=\count286
\LT@p@ftn=\toks22
)
(c:/Users/Mr. Normanby/AppData/Roaming/TinyTeX/texmf-dist/tex/latex/tools/array
.sty
Package: array 2020/10/01 v2.5c Tabular extension package (FMi)
\col@sep=\dimen176
\ar@mcellbox=\box53
\extrarowheight=\dimen177
\NC@list=\toks23
\extratabsurround=\skip59
\backup@length=\skip60
\ar@cellbox=\box54
)
(c:/Users/Mr. Normanby/AppData/Roaming/TinyTeX/texmf-dist/tex/latex/multirow/mu
ltirow.sty
Package: multirow 2021/03/15 v2.8 Span multiple rows of a table
\multirow@colwidth=\skip61
\multirow@cntb=\count287
\multirow@dima=\skip62
\bigstrutjot=\dimen178
)
(c:/Users/Mr. Normanby/AppData/Roaming/TinyTeX/texmf-dist/tex/latex/wrapfig/wra
pfig.sty
\wrapoverhang=\dimen179
\WF@size=\dimen180
\c@WF@wrappedlines=\count288
\WF@box=\box55
\WF@everypar=\toks24
Package: wrapfig 2003/01/31  v 3.6
)
(c:/Users/Mr. Normanby/AppData/Roaming/TinyTeX/texmf-dist/tex/latex/float/float
.sty
Package: float 2001/11/08 v1.3d Float enhancements (AL)
\c@float@type=\count289
\float@exts=\toks25
\float@box=\box56
\@float@everytoks=\toks26
\@floatcapt=\box57
)
(c:/Users/Mr. Normanby/AppData/Roaming/TinyTeX/texmf-dist/tex/latex/colortbl/co
lortbl.sty
Package: colortbl 2020/01/04 v1.0e Color table columns (DPC)

(c:/Users/Mr. Normanby/AppData/Roaming/TinyTeX/texmf-dist/tex/latex/graphics/co
lor.sty
Package: color 2020/02/24 v1.2b Standard LaTeX Color (DPC)

(c:/Users/Mr. Normanby/AppData/Roaming/TinyTeX/texmf-dist/tex/latex/graphics-cf
g/color.cfg
File: color.cfg 2016/01/02 v1.6 sample color configuration
)
Package color Info: Driver file: pdftex.def on input line 147.
)
\everycr=\toks27
\minrowclearance=\skip63
)
(c:/Users/Mr. Normanby/AppData/Roaming/TinyTeX/texmf-dist/tex/latex/pdflscape/p
dflscape.sty
Package: pdflscape 2019/12/05 v0.12 Display of landscape pages in PDF (HO)

(c:/Users/Mr. Normanby/AppData/Roaming/TinyTeX/texmf-dist/tex/latex/graphics/ls
cape.sty
Package: lscape 2020/05/28 v3.02 Landscape Pages (DPC)
)
Package pdflscape Info: Auto-detected driver: pdftex on input line 81.
)
(c:/Users/Mr. Normanby/AppData/Roaming/TinyTeX/texmf-dist/tex/latex/tabu/tabu.s
ty
Package: tabu 2019/01/11 v2.9 - flexible LaTeX tabulars (FC+tabu-fixed)

(c:/Users/Mr. Normanby/AppData/Roaming/TinyTeX/texmf-dist/tex/latex/varwidth/va
rwidth.sty
Package: varwidth 2009/03/30 ver 0.92;  Variable-width minipages
\@vwid@box=\box58
\sift@deathcycles=\count290
\@vwid@loff=\dimen181
\@vwid@roff=\dimen182
)
\c@taburow=\count291
\tabu@nbcols=\count292
\tabu@cnt=\count293
\tabu@Xcol=\count294
\tabu@alloc=\count295
\tabu@nested=\count296
\tabu@target=\dimen183
\tabu@spreadtarget=\dimen184
\tabu@naturalX=\dimen185
\tabucolX=\dimen186
\tabu@Xsum=\dimen187
\extrarowdepth=\dimen188
\abovetabulinesep=\dimen189
\belowtabulinesep=\dimen190
\tabustrutrule=\dimen191
\tabu@thebody=\toks28
\tabu@footnotes=\toks29
\tabu@box=\box59
\tabu@arstrutbox=\box60
\tabu@hleads=\box61
\tabu@vleads=\box62
\tabu@cellskip=\skip64
)
(c:/Users/Mr. Normanby/AppData/Roaming/TinyTeX/texmf-dist/tex/latex/threepartta
ble/threeparttable.sty
Package: threeparttable 2003/06/13  v 3.0
\@tempboxb=\box63
)
(c:/Users/Mr. Normanby/AppData/Roaming/TinyTeX/texmf-dist/tex/latex/threepartta
blex/threeparttablex.sty
Package: threeparttablex 2013/07/23 v0.3 by daleif

(c:/Users/Mr. Normanby/AppData/Roaming/TinyTeX/texmf-dist/tex/latex/environ/env
iron.sty
Package: environ 2014/05/04 v0.3 A new way to define environments

(c:/Users/Mr. Normanby/AppData/Roaming/TinyTeX/texmf-dist/tex/latex/trimspaces/
trimspaces.sty
Package: trimspaces 2009/09/17 v1.1 Trim spaces around a token list
))
\TPTL@width=\skip65
)
(c:/Users/Mr. Normanby/AppData/Roaming/TinyTeX/texmf-dist/tex/generic/ulem/ulem
.sty
\UL@box=\box64
\UL@hyphenbox=\box65
\UL@skip=\skip66
\UL@hook=\toks30
\UL@height=\dimen192
\UL@pe=\count297
\UL@pixel=\dimen193
\ULC@box=\box66
Package: ulem 2019/11/18
\ULdepth=\dimen194
)
(c:/Users/Mr. Normanby/AppData/Roaming/TinyTeX/texmf-dist/tex/latex/makecell/ma
kecell.sty
Package: makecell 2009/08/03 V0.1e Managing of Tab Column Heads and Cells
\rotheadsize=\dimen195
\c@nlinenum=\count298
\TeXr@lab=\toks31
)
(c:/Users/Mr. Normanby/AppData/Roaming/TinyTeX/texmf-dist/tex/latex/xcolor/xcol
or.sty
Package: xcolor 2016/05/11 v2.12 LaTeX color extensions (UK)

(c:/Users/Mr. Normanby/AppData/Roaming/TinyTeX/texmf-dist/tex/latex/graphics-cf
g/color.cfg
File: color.cfg 2016/01/02 v1.6 sample color configuration
)
Package xcolor Info: Driver file: pdftex.def on input line 225.
LaTeX Info: Redefining \color on input line 709.
Package xcolor Info: Model `cmy' substituted by `cmy0' on input line 1348.
Package xcolor Info: Model `hsb' substituted by `rgb' on input line 1352.
Package xcolor Info: Model `RGB' extended on input line 1364.
Package xcolor Info: Model `HTML' substituted by `rgb' on input line 1366.
Package xcolor Info: Model `Hsb' substituted by `hsb' on input line 1367.
Package xcolor Info: Model `tHsb' substituted by `hsb' on input line 1368.
Package xcolor Info: Model `HSB' substituted by `hsb' on input line 1369.
Package xcolor Info: Model `Gray' substituted by `gray' on input line 1370.
Package xcolor Info: Model `wave' substituted by `hsb' on input line 1371.
)
(c:/Users/Mr. Normanby/AppData/Roaming/TinyTeX/texmf-dist/tex/latex/l3backend/l
3backend-pdftex.def
File: l3backend-pdftex.def 2021-03-18 L3 backend support: PDF output (pdfTeX)
\l__color_backend_stack_int=\count299
\l__pdf_internal_box=\box67
) (./kobakiancook.aux)
\openout1 = `kobakiancook.aux'.

LaTeX Font Info:    Checking defaults for OML/cmm/m/it on input line 45.
LaTeX Font Info:    ... okay on input line 45.
LaTeX Font Info:    Checking defaults for OMS/cmsy/m/n on input line 45.
LaTeX Font Info:    ... okay on input line 45.
LaTeX Font Info:    Checking defaults for OT1/cmr/m/n on input line 45.
LaTeX Font Info:    ... okay on input line 45.
LaTeX Font Info:    Checking defaults for T1/cmr/m/n on input line 45.
LaTeX Font Info:    ... okay on input line 45.
LaTeX Font Info:    Checking defaults for TS1/cmr/m/n on input line 45.
LaTeX Font Info:    ... okay on input line 45.
LaTeX Font Info:    Checking defaults for OMX/cmex/m/n on input line 45.
LaTeX Font Info:    ... okay on input line 45.
LaTeX Font Info:    Checking defaults for U/cmr/m/n on input line 45.
LaTeX Font Info:    ... okay on input line 45.
LaTeX Font Info:    Checking defaults for PD1/pdf/m/n on input line 45.
LaTeX Font Info:    ... okay on input line 45.
LaTeX Font Info:    Checking defaults for PU/pdf/m/n on input line 45.
LaTeX Font Info:    ... okay on input line 45.

(c:/Users/Mr. Normanby/AppData/Roaming/TinyTeX/texmf-dist/tex/latex/epstopdf-pk
g/epstopdf-base.sty
Package: epstopdf-base 2020-01-24 v2.11 Base part for package epstopdf
Package epstopdf-base Info: Redefining graphics rule for `.eps' on input line 4
85.

(c:/Users/Mr. Normanby/AppData/Roaming/TinyTeX/texmf-dist/tex/latex/latexconfig
/epstopdf-sys.cfg
File: epstopdf-sys.cfg 2010/07/13 v1.3 Configuration of (r)epstopdf for TeX Liv
e
))
Package hyperref Info: Link coloring OFF on input line 45.

(c:/Users/Mr. Normanby/AppData/Roaming/TinyTeX/texmf-dist/tex/latex/hyperref/na
meref.sty
Package: nameref 2021-04-02 v2.47 Cross-referencing by name of section

(c:/Users/Mr. Normanby/AppData/Roaming/TinyTeX/texmf-dist/tex/latex/refcount/re
fcount.sty
Package: refcount 2019/12/15 v3.6 Data extraction from label references (HO)
)
(c:/Users/Mr. Normanby/AppData/Roaming/TinyTeX/texmf-dist/tex/generic/gettitles
tring/gettitlestring.sty
Package: gettitlestring 2019/12/15 v1.6 Cleanup title references (HO)
)
\c@section@level=\count300
)
LaTeX Info: Redefining \ref on input line 45.
LaTeX Info: Redefining \pageref on input line 45.
LaTeX Info: Redefining \nameref on input line 45.
(./kobakiancook.out) (./kobakiancook.out)
\@outlinefile=\write4
\openout4 = `kobakiancook.out'.

[1
Non-PDF special ignored!
<special> header=psfrag.pro

{c:/Users/Mr. Normanby/AppData/Roaming/TinyTeX/texmf-var/fonts/map/pdftex/updma
p/pdftex.map}] [2]
<kobakiancook_files/figure-latex/liver-1.pdf, id=139, 289.08pt x 289.08pt>
File: kobakiancook_files/figure-latex/liver-1.pdf Graphic file (type pdf)
<use kobakiancook_files/figure-latex/liver-1.pdf>
Package pdftex.def Info: kobakiancook_files/figure-latex/liver-1.pdf  used on i
nput line 182.
(pdftex.def)             Requested size: 462.26999pt x 462.29483pt.
<kobakiancook_files/figure-latex/liver-hex-1.pdf, id=140, 289.08pt x 289.08pt>
File: kobakiancook_files/figure-latex/liver-hex-1.pdf Graphic file (type pdf)
<use kobakiancook_files/figure-latex/liver-hex-1.pdf>
Package pdftex.def Info: kobakiancook_files/figure-latex/liver-hex-1.pdf  used 
on input line 186.
(pdftex.def)             Requested size: 462.26999pt x 462.29483pt.
[3] [4pdfTeX warning (ext4): destination with the same identifier (name{figure.
1}) has been already used, duplicate ignored
<argument> ...shipout:D \box_use:N \l_shipout_box 
                                                  
l.212 
       <./kobakiancook_files/figure-latex/liver-1.pdf>] [5pdfTeX warning (ext4)
: destination with the same identifier (name{figure.2}) has been already used, 
duplicate ignored
<argument> ...shipout:D \box_use:N \l_shipout_box 
                                                  
l.212 
       <./kobakiancook_files/figure-latex/liver-hex-1.pdf>] [6]
<kobakiancook_files/figure-latex/lineup-1.pdf, id=214, 578.16pt x 578.16pt>
File: kobakiancook_files/figure-latex/lineup-1.pdf Graphic file (type pdf)
<use kobakiancook_files/figure-latex/lineup-1.pdf>
Package pdftex.def Info: kobakiancook_files/figure-latex/lineup-1.pdf  used on 
input line 288.
(pdftex.def)             Requested size: 462.26999pt x 462.26396pt.
[7] [8pdfTeX warning (ext4): destination with the same identifier (name{figure.
3}) has been already used, duplicate ignored
<argument> ...shipout:D \box_use:N \l_shipout_box 
                                                  
l.311   A
         re spatial disease trends that impact highly populated small areas <./
kobakiancook_files/figure-latex/lineup-1.pdf>]
<kobakiancook_files/figure-latex/exp-design-1.pdf, id=235, 578.16pt x 578.16pt>

File: kobakiancook_files/figure-latex/exp-design-1.pdf Graphic file (type pdf)
<use kobakiancook_files/figure-latex/exp-design-1.pdf>
Package pdftex.def Info: kobakiancook_files/figure-latex/exp-design-1.pdf  used
 on input line 355.
(pdftex.def)             Requested size: 462.26999pt x 462.26396pt.
[9] [10pdfTeX warning (ext4): destination with the same identifier (name{figure
.4}) has been already used, duplicate ignored
<argument> ...shipout:D \box_use:N \l_shipout_box 
                                                  
l.370 
       <./kobakiancook_files/figure-latex/exp-design-1.pdf>] [11] [12] [13] [14
] [15] [16]
<kobakiancook_files/figure-latex/detect-compare-1.pdf, id=320, 469.755pt x 361.
35pt>
File: kobakiancook_files/figure-latex/detect-compare-1.pdf Graphic file (type p
df)
<use kobakiancook_files/figure-latex/detect-compare-1.pdf>
Package pdftex.def Info: kobakiancook_files/figure-latex/detect-compare-1.pdf  
used on input line 652.
(pdftex.def)             Requested size: 462.26999pt x 355.59276pt.
[17] [18pdfTeX warning (ext4): destination with the same identifier (name{figur
e.5}) has been already used, duplicate ignored
<argument> ...shipout:D \box_use:N \l_shipout_box 
                                                  
l.700 
       <./kobakiancook_files/figure-latex/detect-compare-1.pdf>] [19pdfTeX warn
ing (ext4): destination with the same identifier (name{table.1}) has been alrea
dy used, duplicate ignored
<argument> ...shipout:D \box_use:N \l_shipout_box 
                                                  
l.746 
      ]
<kobakiancook_files/figure-latex/beeswarm-1.pdf, id=349, 469.755pt x 578.16pt>
File: kobakiancook_files/figure-latex/beeswarm-1.pdf Graphic file (type pdf)
<use kobakiancook_files/figure-latex/beeswarm-1.pdf>
Package pdftex.def Info: kobakiancook_files/figure-latex/beeswarm-1.pdf  used o
n input line 748.
(pdftex.def)             Requested size: 462.26999pt x 568.94841pt.

LaTeX Warning: Float too large for page by 86.00514pt on input line 749.

[20pdfTeX warning (ext4): destination with the same identifier (name{table.2}) 
has been already used, duplicate ignored
<argument> ...shipout:D \box_use:N \l_shipout_box 
                                                  
l.771 
      ] [21pdfTeX warning (ext4): destination with the same identifier (name{fi
gure.6}) has been already used, duplicate ignored
<argument> ...shipout:D \box_use:N \l_shipout_box 
                                                  
l.771 
       <./kobakiancook_files/figure-latex/beeswarm-1.pdf>]
<kobakiancook_files/figure-latex/certainty-1.pdf, id=372, 469.755pt x 361.35pt>

File: kobakiancook_files/figure-latex/certainty-1.pdf Graphic file (type pdf)
<use kobakiancook_files/figure-latex/certainty-1.pdf>
Package pdftex.def Info: kobakiancook_files/figure-latex/certainty-1.pdf  used 
on input line 773.
(pdftex.def)             Requested size: 462.26999pt x 355.59276pt.
[22pdfTeX warning (ext4): destination with the same identifier (name{table.3}) 
has been already used, duplicate ignored
<argument> ...shipout:D \box_use:N \l_shipout_box 
                                                  
l.825 
      ] [23pdfTeX warning (ext4): destination with the same identifier (name{fi
gure.7}) has been already used, duplicate ignored
<argument> ...shipout:D \box_use:N \l_shipout_box 
                                                  
l.825 
       <./kobakiancook_files/figure-latex/certainty-1.pdf>] [24] [25] [26] [27]
(./kobakiancook.bbl
Underfull \hbox (badness 6300) in paragraph at lines 26--30
\OT1/cmr/bx/n/12 URL: \OT1/cmr/m/it/12 https://www.abs.gov.au/websitedbs/D33101
14.nsf/home/Australian Sta-tis-ti-cal
 []


Underfull \hbox (badness 10000) in paragraph at lines 52--54
[]\OT1/cmtt/m/n/12 Cancer Council Queensland (2018), `Australian Cancer Atlas
 []


Underfull \hbox (badness 10000) in paragraph at lines 57--60
[]\OT1/cmtt/m/it/12 Cancer Applications of Choropleth Maps, and the Potential o
f Cartograms
 []


Underfull \hbox (badness 10000) in paragraph at lines 57--60
\OT1/cmtt/m/it/12 and Alternative Map Displays \OT1/cmtt/m/n/12 (2019), \OT1/cm
tt/m/it/12 Manuscript submitted for
 []


Underfull \hbox (badness 10000) in paragraph at lines 62--64
[]\OT1/cmtt/m/n/12 Dorling, D. (2011), \OT1/cmtt/m/it/12 Area Cartograms: Their
 Use and Creation\OT1/cmtt/m/n/12 , Vol. 59,
 []

[28]
Underfull \hbox (badness 10000) in paragraph at lines 67--70
[]\OT1/cmtt/m/n/12 Gr^^?aler, B., Pebesma, E. & Heuvelink, G. (2016), `Spatio-t
emporal
 []


Underfull \hbox (badness 10000) in paragraph at lines 73--77
[]\OT1/cmtt/m/n/12 Hofmann, H., Follett, L., Majumder, M. & Cook, D. (2012), `G
raphical
 []


Underfull \hbox (badness 10000) in paragraph at lines 73--77
\OT1/cmtt/m/n/12 tests for power comparison of competing designs', \OT1/cmtt/m/
it/12 IEEE Transactions on
 []


Underfull \hbox (badness 10000) in paragraph at lines 79--83
[]\OT1/cmtt/m/n/12 Kobakian, S. & Cook, D. (2019), \OT1/cmtt/m/it/12 sugarbag: 
Create Tessellated
 []


Underfull \hbox (badness 10000) in paragraph at lines 79--83
\OT1/cmtt/m/it/12 Hexagon Maps\OT1/cmtt/m/n/12 .  https://srkobakian.github.io/
sugarbag/,
 []


Underfull \hbox (badness 10000) in paragraph at lines 85--89
[]\OT1/cmtt/m/n/12 Kobakian, S. & O'Hara-Wild, M. (2018), \OT1/cmtt/m/it/12 tai
pan: Tool for Annotating Images
 []


Underfull \hbox (badness 10000) in paragraph at lines 91--94
[]\OT1/cmtt/m/n/12 Kocmoud, C. & House, D. (1998), A Constraint-based Approach 
to
 []


Underfull \hbox (badness 10000) in paragraph at lines 91--94
\OT1/cmtt/m/n/12 Constructing Continuous Cartograms, \OT1/cmtt/m/it/12 in \OT1/
cmtt/m/n/12 `Proc. Symp. Spatial Data
 []


Underfull \hbox (badness 10000) in paragraph at lines 96--98
[]\OT1/cmtt/m/n/12 Matheron, G. (1963), `Principles of geostatistics', \OT1/cmt
t/m/it/12 Economic Geology
 []


Underfull \hbox (badness 10000) in paragraph at lines 100--103
[]\OT1/cmtt/m/n/12 Monmonier, M. (2005), `Cartography: Distortions, World-views
 and Creative
 []


Underfull \hbox (badness 10000) in paragraph at lines 105--108
[]\OT1/cmtt/m/n/12 Neuwirth, E. (2014), \OT1/cmtt/m/it/12 RColorBrewer: ColorBr
ewer Palettes\OT1/cmtt/m/n/12 .  R package
 []


Underfull \hbox (badness 10000) in paragraph at lines 110--112
[]\OT1/cmtt/m/n/12 Olson, J. M. (1976), `Noncontiguous Area Cartograms', \OT1/c
mtt/m/it/12 The Professional
 []


Underfull \hbox (badness 10000) in paragraph at lines 114--117
[]\OT1/cmtt/m/n/12 R Core Team (2019\OT1/cmtt/m/it/12 a\OT1/cmtt/m/n/12 ), \OT1
/cmtt/m/it/12 R: A Language and Environment for Statistical
 []


Underfull \hbox (badness 10000) in paragraph at lines 119--122
[]\OT1/cmtt/m/n/12 R Core Team (2019\OT1/cmtt/m/it/12 b\OT1/cmtt/m/n/12 ), \OT1
/cmtt/m/it/12 R: A Language and Environment for Statistical
 []

[29]
Underfull \hbox (badness 10000) in paragraph at lines 124--126
[]\OT1/cmtt/m/n/12 Raisz, E. (1963), `Rectangular Statistical Cartograms of the
 World',
 []


Underfull \hbox (badness 10000) in paragraph at lines 128--130
[]\OT1/cmtt/m/n/12 Skowronnek, A. (2016), `Beyond Choropleth Maps { A Review of
 Techniques to
 []

LaTeX Font Info:    Font shape `OT1/cmtt/bx/n' in size <12> not available
(Font)              Font shape `OT1/cmtt/m/n' tried instead on input line 135.

Underfull \hbox (badness 10000) in paragraph at lines 142--145
[]\OT1/cmtt/m/n/12 Urbanek, S. (2013), \OT1/cmtt/m/it/12 png: Read and write PN
G images\OT1/cmtt/m/n/12 .  R package version
 []


Underfull \hbox (badness 10000) in paragraph at lines 147--149
[]\OT1/cmtt/m/n/12 Wickham, H. (2009), \OT1/cmtt/m/it/12 ggplot2: elegant graph
ics for data analysis\OT1/cmtt/m/n/12 ,
 []


Underfull \hbox (badness 10000) in paragraph at lines 154--160
[]\OT1/cmtt/m/n/12 Wickham, H., Averick, M., Bryan, J., Chang, W., McGowan, L. 
D., Fran^^Xcois,
 []


Underfull \hbox (badness 10000) in paragraph at lines 154--160
\OT1/cmtt/m/n/12 R., Grolemund, G., Hayes, A., Henry, L., Hester, J., Kuhn, M.,
 Pedersen,
 []


Underfull \hbox (badness 10000) in paragraph at lines 154--160
\OT1/cmtt/m/n/12 T. L., Miller, E., Bache, S. M., M^^?uller, K., Ooms, J., Robi
nson, D.,
 []


Underfull \hbox (badness 10000) in paragraph at lines 154--160
\OT1/cmtt/m/n/12 Seidel, D. P., Spinu, V., Takahashi, K., Vaughan, D., Wilke, C
., Woo, K.
 []


Underfull \hbox (badness 10000) in paragraph at lines 154--160
\OT1/cmtt/m/n/12 & Yutani, H. (2019), `Welcome to the tidyverse', \OT1/cmtt/m/i
t/12 Journal of Open Source
 []


Underfull \hbox (badness 10000) in paragraph at lines 163--167
[]\OT1/cmtt/m/n/12 Wickham, H., Chowdhury, N. R., Cook, D. & Hofmann, H. (2018)
, \OT1/cmtt/m/it/12 nullabor:
 []


Underfull \hbox (badness 10000) in paragraph at lines 170--174
[]\OT1/cmtt/m/n/12 Wickham, H., Cook, D., Hofmann, H. & Buja, A. (2010), `Graph
ical inference
 []


Underfull \hbox (badness 10000) in paragraph at lines 170--174
\OT1/cmtt/m/n/12 for infovis', \OT1/cmtt/m/it/12 IEEE Transactions on Visualiza
tion and Computer Graphics
 []


Underfull \hbox (badness 10000) in paragraph at lines 176--179
[]\OT1/cmtt/m/n/12 Wilke, C. O. (2019), \OT1/cmtt/m/it/12 cowplot: Streamlined 
Plot Theme and Plot
 []


Underfull \hbox (badness 10000) in paragraph at lines 181--186
[]\OT1/cmtt/m/n/12 Xie, Y. (2014), knitr: A comprehensive tool for reproducible
 research
 []


Underfull \hbox (badness 10000) in paragraph at lines 181--186
\OT1/cmtt/m/n/12 in R, \OT1/cmtt/m/it/12 in \OT1/cmtt/m/n/12 V. Stodden, F. Lei
sch & R. D. Peng, eds, `Implementing
 []


Underfull \hbox (badness 10000) in paragraph at lines 181--186
\OT1/cmtt/m/n/12 Reproducible Computational Research', Chapman and Hall/CRC.  I
SBN
 []

[30]
Underfull \hbox (badness 10000) in paragraph at lines 188--192
[]\OT1/cmtt/m/n/12 Xie, Y., Allaire, J. & Grolemund, G. (2018), \OT1/cmtt/m/it/
12 R Markdown: The Definitive
 []


Underfull \hbox (badness 10000) in paragraph at lines 194--197
[]\OT1/cmtt/m/n/12 Zhu, H. (2019), \OT1/cmtt/m/it/12 kableExtra: Construct Comp
lex Table with 'kable' and
 []

) [31] (./kobakiancook.aux)
Package rerunfilecheck Info: File `kobakiancook.out' has not changed.
(rerunfilecheck)             Checksum: 04334C3B37CB8BCBA09DEBFBE76E3DA8;3290.
 ) 
Here is how much of TeX's memory you used:
 10901 strings out of 481008
 162398 string characters out of 5907177
 482138 words of memory out of 5000000
 27784 multiletter control sequences out of 15000+600000
 412666 words of font info for 60 fonts, out of 8000000 for 9000
 14 hyphenation exceptions out of 8191
 71i,12n,74p,643b,528s stack positions out of 5000i,500n,10000p,200000b,80000s
 <c:/Users/Mr. Normanby/AppData/Roaming/TinyTeX/texmf-var/fonts/pk/ljfour/jkn
appen/ec/tcrm1200.600pk> <c:/Users/Mr. Normanby/AppData/Roaming/TinyTeX/texmf-v
ar/fonts/pk/ljfour/jknappen/ec/tcrm0700.600pk> <c:/Users/Mr. Normanby/AppData/R
oaming/TinyTeX/texmf-var/fonts/pk/ljfour/jknappen/ec/tcrm1000.600pk><c:/Users/M
r. Normanby/AppData/Roaming/TinyTeX/texmf-dist/fonts/type1/public/amsfonts/cm/c
mbx10.pfb><c:/Users/Mr. Normanby/AppData/Roaming/TinyTeX/texmf-dist/fonts/type1
/public/amsfonts/cm/cmbx12.pfb><c:/Users/Mr. Normanby/AppData/Roaming/TinyTeX/t
exmf-dist/fonts/type1/public/amsfonts/cm/cmex10.pfb><c:/Users/Mr. Normanby/AppD
ata/Roaming/TinyTeX/texmf-dist/fonts/type1/public/amsfonts/cm/cmitt10.pfb><c:/U
sers/Mr. Normanby/AppData/Roaming/TinyTeX/texmf-dist/fonts/type1/public/amsfont
s/cm/cmmi12.pfb><c:/Users/Mr. Normanby/AppData/Roaming/TinyTeX/texmf-dist/fonts
/type1/public/amsfonts/cm/cmmi8.pfb><c:/Users/Mr. Normanby/AppData/Roaming/Tiny
TeX/texmf-dist/fonts/type1/public/amsfonts/cm/cmr10.pfb><c:/Users/Mr. Normanby/
AppData/Roaming/TinyTeX/texmf-dist/fonts/type1/public/amsfonts/cm/cmr12.pfb><c:
/Users/Mr. Normanby/AppData/Roaming/TinyTeX/texmf-dist/fonts/type1/public/amsfo
nts/cm/cmsy8.pfb><c:/Users/Mr. Normanby/AppData/Roaming/TinyTeX/texmf-dist/font
s/type1/public/amsfonts/cm/cmti12.pfb><c:/Users/Mr. Normanby/AppData/Roaming/Ti
nyTeX/texmf-dist/fonts/type1/public/amsfonts/cm/cmtt12.pfb>
Output written on kobakiancook.pdf (31 pages, 1017175 bytes).
PDF statistics:
 548 PDF objects out of 1000 (max. 8388607)
 475 compressed objects within 5 object streams
 108 named destinations out of 1000 (max. 500000)
 244 words of extra memory for PDF output out of 10000 (max. 10000000)

