\BOOKMARK [1][]{section.2}{Introduction}{}% 1
\BOOKMARK [1][]{section.4}{Background}{}% 2
\BOOKMARK [2][]{subsection.5}{Spatial data displays}{section.4}% 3
\BOOKMARK [2][]{subsection.6}{Visual Inference}{section.4}% 4
\BOOKMARK [1][]{section.7}{Methodology}{}% 5
\BOOKMARK [2][]{subsection.11}{Experimental factors}{section.7}% 6
\BOOKMARK [2][]{subsection.13}{Generating null data}{section.7}% 7
\BOOKMARK [2][]{subsection.14}{Generating lineups}{section.7}% 8
\BOOKMARK [2][]{subsection.15}{Analysis}{section.7}% 9
\BOOKMARK [3][-]{subsubsection.16}{Data Cleaning}{subsection.15}% 10
\BOOKMARK [3][-]{subsubsection.17}{Descriptive statistics}{subsection.15}% 11
\BOOKMARK [3][-]{subsubsection.18}{Modelling}{subsection.15}% 12
\BOOKMARK [2][]{subsection.19}{Web application to collect responses}{section.7}% 13
\BOOKMARK [2][]{subsection.20}{Participants}{section.7}% 14
\BOOKMARK [2][]{subsection.21}{Demographic data collection}{section.7}% 15
\BOOKMARK [1][]{section.22}{Results}{}% 16
\BOOKMARK [2][]{subsection.23}{Participant demographics}{section.22}% 17
\BOOKMARK [2][]{subsection.24}{Accuracy}{section.22}% 18
\BOOKMARK [2][]{subsection.28}{Speed}{section.22}% 19
\BOOKMARK [2][]{subsection.31}{Certainty}{section.22}% 20
\BOOKMARK [2][]{subsection.33}{Reason}{section.22}% 21
\BOOKMARK [1][]{section.34}{Conclusions}{}% 22
\BOOKMARK [1][]{section.35}{Acknowledgment}{}% 23
\BOOKMARK [1][]{section.36}{Supplementary Materialst}{}% 24
