This is pdfTeX, Version 3.14159265-2.6-1.40.19 (TeX Live 2018) (preloaded format=pdflatex 2019.4.8)  7 JAN 2020 11:41
entering extended mode
 restricted \write18 enabled.
 %&-line parsing enabled.
**paper.tex
(./paper.tex
LaTeX2e <2018-04-01> patch level 2
Babel <3.18> and hyphenation patterns for 84 language(s) loaded.
(./IEEEtran.cls
Document Class: IEEEtran 2015/08/26 V1.8b by Michael Shell
-- See the "IEEEtran_HOWTO" manual for usage information.
-- http://www.michaelshell.org/tex/ieeetran/
\@IEEEtrantmpdimenA=\dimen102
\@IEEEtrantmpdimenB=\dimen103
\@IEEEtrantmpdimenC=\dimen104
\@IEEEtrantmpcountA=\count80
\@IEEEtrantmpcountB=\count81
\@IEEEtrantmpcountC=\count82
\@IEEEtrantmptoksA=\toks14
LaTeX Font Info:    Try loading font information for OT1+ptm on input line 503.

(/usr/local/texlive/2018/texmf-dist/tex/latex/psnfss/ot1ptm.fd
File: ot1ptm.fd 2001/06/04 font definitions for OT1/ptm.
)
-- Using 8.5in x 11in (letter) paper.
-- Using PDF output.
\@IEEEnormalsizeunitybaselineskip=\dimen105
-- This is a 10 point document.
\CLASSINFOnormalsizebaselineskip=\dimen106
\CLASSINFOnormalsizeunitybaselineskip=\dimen107
\IEEEnormaljot=\dimen108
LaTeX Font Info:    Font shape `OT1/ptm/bx/n' in size <5> not available
(Font)              Font shape `OT1/ptm/b/n' tried instead on input line 1090.
LaTeX Font Info:    Font shape `OT1/ptm/bx/it' in size <5> not available
(Font)              Font shape `OT1/ptm/b/it' tried instead on input line 1090.

LaTeX Font Info:    Font shape `OT1/ptm/bx/n' in size <7> not available
(Font)              Font shape `OT1/ptm/b/n' tried instead on input line 1090.
LaTeX Font Info:    Font shape `OT1/ptm/bx/it' in size <7> not available
(Font)              Font shape `OT1/ptm/b/it' tried instead on input line 1090.

LaTeX Font Info:    Font shape `OT1/ptm/bx/n' in size <8> not available
(Font)              Font shape `OT1/ptm/b/n' tried instead on input line 1090.
LaTeX Font Info:    Font shape `OT1/ptm/bx/it' in size <8> not available
(Font)              Font shape `OT1/ptm/b/it' tried instead on input line 1090.

LaTeX Font Info:    Font shape `OT1/ptm/bx/n' in size <9> not available
(Font)              Font shape `OT1/ptm/b/n' tried instead on input line 1090.
LaTeX Font Info:    Font shape `OT1/ptm/bx/it' in size <9> not available
(Font)              Font shape `OT1/ptm/b/it' tried instead on input line 1090.

LaTeX Font Info:    Font shape `OT1/ptm/bx/n' in size <10> not available
(Font)              Font shape `OT1/ptm/b/n' tried instead on input line 1090.
LaTeX Font Info:    Font shape `OT1/ptm/bx/it' in size <10> not available
(Font)              Font shape `OT1/ptm/b/it' tried instead on input line 1090.

LaTeX Font Info:    Font shape `OT1/ptm/bx/n' in size <11> not available
(Font)              Font shape `OT1/ptm/b/n' tried instead on input line 1090.
LaTeX Font Info:    Font shape `OT1/ptm/bx/it' in size <11> not available
(Font)              Font shape `OT1/ptm/b/it' tried instead on input line 1090.

LaTeX Font Info:    Font shape `OT1/ptm/bx/n' in size <12> not available
(Font)              Font shape `OT1/ptm/b/n' tried instead on input line 1090.
LaTeX Font Info:    Font shape `OT1/ptm/bx/it' in size <12> not available
(Font)              Font shape `OT1/ptm/b/it' tried instead on input line 1090.

LaTeX Font Info:    Font shape `OT1/ptm/bx/n' in size <17> not available
(Font)              Font shape `OT1/ptm/b/n' tried instead on input line 1090.
LaTeX Font Info:    Font shape `OT1/ptm/bx/it' in size <17> not available
(Font)              Font shape `OT1/ptm/b/it' tried instead on input line 1090.

LaTeX Font Info:    Font shape `OT1/ptm/bx/n' in size <20> not available
(Font)              Font shape `OT1/ptm/b/n' tried instead on input line 1090.
LaTeX Font Info:    Font shape `OT1/ptm/bx/it' in size <20> not available
(Font)              Font shape `OT1/ptm/b/it' tried instead on input line 1090.

LaTeX Font Info:    Font shape `OT1/ptm/bx/n' in size <24> not available
(Font)              Font shape `OT1/ptm/b/n' tried instead on input line 1090.
LaTeX Font Info:    Font shape `OT1/ptm/bx/it' in size <24> not available
(Font)              Font shape `OT1/ptm/b/it' tried instead on input line 1090.

\IEEEquantizedlength=\dimen109
\IEEEquantizedlengthdiff=\dimen110
\IEEEquantizedtextheightdiff=\dimen111
\IEEEilabelindentA=\dimen112
\IEEEilabelindentB=\dimen113
\IEEEilabelindent=\dimen114
\IEEEelabelindent=\dimen115
\IEEEdlabelindent=\dimen116
\IEEElabelindent=\dimen117
\IEEEiednormlabelsep=\dimen118
\IEEEiedmathlabelsep=\dimen119
\IEEEiedtopsep=\skip41
\c@section=\count83
\c@subsection=\count84
\c@subsubsection=\count85
\c@paragraph=\count86
\c@IEEEsubequation=\count87
\abovecaptionskip=\skip42
\belowcaptionskip=\skip43
\c@figure=\count88
\c@table=\count89
\@IEEEeqnnumcols=\count90
\@IEEEeqncolcnt=\count91
\@IEEEsubeqnnumrollback=\count92
\@IEEEquantizeheightA=\dimen120
\@IEEEquantizeheightB=\dimen121
\@IEEEquantizeheightC=\dimen122
\@IEEEquantizeprevdepth=\dimen123
\@IEEEquantizemultiple=\count93
\@IEEEquantizeboxA=\box26
\@IEEEtmpitemindent=\dimen124
\IEEEPARstartletwidth=\dimen125
\c@IEEEbiography=\count94
\@IEEEtranrubishbin=\box27
) (/usr/local/texlive/2018/texmf-dist/tex/latex/graphics/graphicx.sty
Package: graphicx 2017/06/01 v1.1a Enhanced LaTeX Graphics (DPC,SPQR)
(/usr/local/texlive/2018/texmf-dist/tex/latex/graphics/keyval.sty
Package: keyval 2014/10/28 v1.15 key=value parser (DPC)
\KV@toks@=\toks15
) (/usr/local/texlive/2018/texmf-dist/tex/latex/graphics/graphics.sty
Package: graphics 2017/06/25 v1.2c Standard LaTeX Graphics (DPC,SPQR)
(/usr/local/texlive/2018/texmf-dist/tex/latex/graphics/trig.sty
Package: trig 2016/01/03 v1.10 sin cos tan (DPC)
) (/usr/local/texlive/2018/texmf-dist/tex/latex/graphics-cfg/graphics.cfg
File: graphics.cfg 2016/06/04 v1.11 sample graphics configuration
)
Package graphics Info: Driver file: pdftex.def on input line 99.
(/usr/local/texlive/2018/texmf-dist/tex/latex/graphics-def/pdftex.def
File: pdftex.def 2018/01/08 v1.0l Graphics/color driver for pdftex
))
\Gin@req@height=\dimen126
\Gin@req@width=\dimen127
) (/usr/local/texlive/2018/texmf-dist/tex/latex/hyperref/hyperref.sty
Package: hyperref 2018/02/06 v6.86b Hypertext links for LaTeX
(/usr/local/texlive/2018/texmf-dist/tex/generic/oberdiek/hobsub-hyperref.sty
Package: hobsub-hyperref 2016/05/16 v1.14 Bundle oberdiek, subset hyperref (HO)

(/usr/local/texlive/2018/texmf-dist/tex/generic/oberdiek/hobsub-generic.sty
Package: hobsub-generic 2016/05/16 v1.14 Bundle oberdiek, subset generic (HO)
Package: hobsub 2016/05/16 v1.14 Construct package bundles (HO)
Package: infwarerr 2016/05/16 v1.4 Providing info/warning/error messages (HO)
Package: ltxcmds 2016/05/16 v1.23 LaTeX kernel commands for general use (HO)
Package: ifluatex 2016/05/16 v1.4 Provides the ifluatex switch (HO)
Package ifluatex Info: LuaTeX not detected.
Package: ifvtex 2016/05/16 v1.6 Detect VTeX and its facilities (HO)
Package ifvtex Info: VTeX not detected.
Package: intcalc 2016/05/16 v1.2 Expandable calculations with integers (HO)
Package: ifpdf 2017/03/15 v3.2 Provides the ifpdf switch
Package: etexcmds 2016/05/16 v1.6 Avoid name clashes with e-TeX commands (HO)
Package etexcmds Info: Could not find \expanded.
(etexcmds)             That can mean that you are not using pdfTeX 1.50 or
(etexcmds)             that some package has redefined \expanded.
(etexcmds)             In the latter case, load this package earlier.
Package: kvsetkeys 2016/05/16 v1.17 Key value parser (HO)
Package: kvdefinekeys 2016/05/16 v1.4 Define keys (HO)
Package: pdftexcmds 2018/01/30 v0.27 Utility functions of pdfTeX for LuaTeX (HO
)
Package pdftexcmds Info: LuaTeX not detected.
Package pdftexcmds Info: \pdf@primitive is available.
Package pdftexcmds Info: \pdf@ifprimitive is available.
Package pdftexcmds Info: \pdfdraftmode found.
Package: pdfescape 2016/05/16 v1.14 Implements pdfTeX's escape features (HO)
Package: bigintcalc 2016/05/16 v1.4 Expandable calculations on big integers (HO
)
Package: bitset 2016/05/16 v1.2 Handle bit-vector datatype (HO)
Package: uniquecounter 2016/05/16 v1.3 Provide unlimited unique counter (HO)
)
Package hobsub Info: Skipping package `hobsub' (already loaded).
Package: letltxmacro 2016/05/16 v1.5 Let assignment for LaTeX macros (HO)
Package: hopatch 2016/05/16 v1.3 Wrapper for package hooks (HO)
Package: xcolor-patch 2016/05/16 xcolor patch
Package: atveryend 2016/05/16 v1.9 Hooks at the very end of document (HO)
Package atveryend Info: \enddocument detected (standard20110627).
Package: atbegshi 2016/06/09 v1.18 At begin shipout hook (HO)
Package: refcount 2016/05/16 v3.5 Data extraction from label references (HO)
Package: hycolor 2016/05/16 v1.8 Color options for hyperref/bookmark (HO)
) (/usr/local/texlive/2018/texmf-dist/tex/generic/ifxetex/ifxetex.sty
Package: ifxetex 2010/09/12 v0.6 Provides ifxetex conditional
) (/usr/local/texlive/2018/texmf-dist/tex/latex/oberdiek/auxhook.sty
Package: auxhook 2016/05/16 v1.4 Hooks for auxiliary files (HO)
) (/usr/local/texlive/2018/texmf-dist/tex/latex/oberdiek/kvoptions.sty
Package: kvoptions 2016/05/16 v3.12 Key value format for package options (HO)
)
\@linkdim=\dimen128
\Hy@linkcounter=\count95
\Hy@pagecounter=\count96
(/usr/local/texlive/2018/texmf-dist/tex/latex/hyperref/pd1enc.def
File: pd1enc.def 2018/02/06 v6.86b Hyperref: PDFDocEncoding definition (HO)
Now handling font encoding PD1 ...
... no UTF-8 mapping file for font encoding PD1
)
\Hy@SavedSpaceFactor=\count97
(/usr/local/texlive/2018/texmf-dist/tex/latex/latexconfig/hyperref.cfg
File: hyperref.cfg 2002/06/06 v1.2 hyperref configuration of TeXLive
)
Package hyperref Info: Option `final' set `true' on input line 4383.
Package hyperref Info: Option `unicode' set `true' on input line 4383.
(/usr/local/texlive/2018/texmf-dist/tex/latex/hyperref/puenc.def
File: puenc.def 2018/02/06 v6.86b Hyperref: PDF Unicode definition (HO)
Now handling font encoding PU ...
... no UTF-8 mapping file for font encoding PU
)
Package hyperref Info: Hyper figures OFF on input line 4509.
Package hyperref Info: Link nesting OFF on input line 4514.
Package hyperref Info: Hyper index ON on input line 4517.
Package hyperref Info: Plain pages OFF on input line 4524.
Package hyperref Info: Backreferencing OFF on input line 4529.
Package hyperref Info: Implicit mode ON; LaTeX internals redefined.
Package hyperref Info: Bookmarks ON on input line 4762.
\c@Hy@tempcnt=\count98
(/usr/local/texlive/2018/texmf-dist/tex/latex/url/url.sty
\Urlmuskip=\muskip10
Package: url 2013/09/16  ver 3.4  Verb mode for urls, etc.
)
LaTeX Info: Redefining \url on input line 5115.
\XeTeXLinkMargin=\dimen129
\Fld@menulength=\count99
\Field@Width=\dimen130
\Fld@charsize=\dimen131
Package hyperref Info: Hyper figures OFF on input line 6369.
Package hyperref Info: Link nesting OFF on input line 6374.
Package hyperref Info: Hyper index ON on input line 6377.
Package hyperref Info: backreferencing OFF on input line 6384.
Package hyperref Info: Link coloring OFF on input line 6389.
Package hyperref Info: Link coloring with OCG OFF on input line 6394.
Package hyperref Info: PDF/A mode OFF on input line 6399.
LaTeX Info: Redefining \ref on input line 6439.
LaTeX Info: Redefining \pageref on input line 6443.
\Hy@abspage=\count100
\c@Item=\count101
\c@Hfootnote=\count102
)
Package hyperref Info: Driver (autodetected): hpdftex.
(/usr/local/texlive/2018/texmf-dist/tex/latex/hyperref/hpdftex.def
File: hpdftex.def 2018/02/06 v6.86b Hyperref driver for pdfTeX
\Fld@listcount=\count103
\c@bookmark@seq@number=\count104
(/usr/local/texlive/2018/texmf-dist/tex/latex/oberdiek/rerunfilecheck.sty
Package: rerunfilecheck 2016/05/16 v1.8 Rerun checks for auxiliary files (HO)
Package uniquecounter Info: New unique counter `rerunfilecheck' on input line 2
82.
)
\Hy@SectionHShift=\skip44
)
Package hyperref Info: Option `breaklinks' set `true' on input line 332.
(./paper.aux)
\openout1 = `paper.aux'.

LaTeX Font Info:    Checking defaults for OML/cmm/m/it on input line 350.
LaTeX Font Info:    ... okay on input line 350.
LaTeX Font Info:    Checking defaults for T1/cmr/m/n on input line 350.
LaTeX Font Info:    ... okay on input line 350.
LaTeX Font Info:    Checking defaults for OT1/cmr/m/n on input line 350.
LaTeX Font Info:    ... okay on input line 350.
LaTeX Font Info:    Checking defaults for OMS/cmsy/m/n on input line 350.
LaTeX Font Info:    ... okay on input line 350.
LaTeX Font Info:    Checking defaults for OMX/cmex/m/n on input line 350.
LaTeX Font Info:    ... okay on input line 350.
LaTeX Font Info:    Checking defaults for U/cmr/m/n on input line 350.
LaTeX Font Info:    ... okay on input line 350.
LaTeX Font Info:    Checking defaults for PD1/pdf/m/n on input line 350.
LaTeX Font Info:    ... okay on input line 350.
LaTeX Font Info:    Checking defaults for PU/pdf/m/n on input line 350.
LaTeX Font Info:    ... okay on input line 350.
-- Lines per column: 56 (exact).
(/usr/local/texlive/2018/texmf-dist/tex/context/base/mkii/supp-pdf.mkii
[Loading MPS to PDF converter (version 2006.09.02).]
\scratchcounter=\count105
\scratchdimen=\dimen132
\scratchbox=\box28
\nofMPsegments=\count106
\nofMParguments=\count107
\everyMPshowfont=\toks16
\MPscratchCnt=\count108
\MPscratchDim=\dimen133
\MPnumerator=\count109
\makeMPintoPDFobject=\count110
\everyMPtoPDFconversion=\toks17
) (/usr/local/texlive/2018/texmf-dist/tex/latex/oberdiek/epstopdf-base.sty
Package: epstopdf-base 2016/05/15 v2.6 Base part for package epstopdf
(/usr/local/texlive/2018/texmf-dist/tex/latex/oberdiek/grfext.sty
Package: grfext 2016/05/16 v1.2 Manage graphics extensions (HO)
)
Package epstopdf-base Info: Redefining graphics rule for `.eps' on input line 4
38.
Package grfext Info: Graphics extension search list:
(grfext)             [.pdf,.png,.jpg,.mps,.jpeg,.jbig2,.jb2,.PDF,.PNG,.JPG,.JPE
G,.JBIG2,.JB2,.eps]
(grfext)             \AppendGraphicsExtensions on input line 456.
(/usr/local/texlive/2018/texmf-dist/tex/latex/latexconfig/epstopdf-sys.cfg
File: epstopdf-sys.cfg 2010/07/13 v1.3 Configuration of (r)epstopdf for TeX Liv
e
))
\AtBeginShipoutBox=\box29
Package hyperref Info: Link coloring OFF on input line 350.
(/usr/local/texlive/2018/texmf-dist/tex/latex/hyperref/nameref.sty
Package: nameref 2016/05/21 v2.44 Cross-referencing by name of section
(/usr/local/texlive/2018/texmf-dist/tex/generic/oberdiek/gettitlestring.sty
Package: gettitlestring 2016/05/16 v1.5 Cleanup title references (HO)
)
\c@section@level=\count111
)
LaTeX Info: Redefining \ref on input line 350.
LaTeX Info: Redefining \pageref on input line 350.
LaTeX Info: Redefining \nameref on input line 350.
(./paper.out) (./paper.out)
\@outlinefile=\write3
\openout3 = `paper.out'.

[1{/usr/local/texlive/2018/texmf-var/fonts/map/pdftex/updmap/pdftex.map}


]
<paper_files/figure-latex/liver-1.pdf, id=172, 435.6275pt x 651.43375pt>
File: paper_files/figure-latex/liver-1.pdf Graphic file (type pdf)
<use paper_files/figure-latex/liver-1.pdf>
Package pdftex.def Info: paper_files/figure-latex/liver-1.pdf  used on input li
ne 580.
(pdftex.def)             Requested size: 252.0pt x 376.83783pt.
LaTeX Font Info:    External font `cmex10' loaded for size
(Font)              <7> on input line 611.
LaTeX Font Info:    External font `cmex10' loaded for size
(Font)              <5> on input line 611.
[2 <./paper_files/figure-latex/liver-1.pdf>]
LaTeX Font Info:    Try loading font information for OML+ptm on input line 683.

(/usr/local/texlive/2018/texmf-dist/tex/latex/psnfss/omlptm.fd
File: omlptm.fd 
)
LaTeX Font Info:    Font shape `OML/ptm/m/n' in size <10> not available
(Font)              Font shape `OML/cmm/m/it' tried instead on input line 683.

Underfull \hbox (badness 10000) in paragraph at lines 726--734
[]\OT1/ptm/m/n/10 Then $\OML/cmm/m/it/10 x[]; x[]; :::; x[]$ \OT1/ptm/m/n/10 fo
l-lows a multi-no-mial
 []


Underfull \hbox (badness 1430) in paragraph at lines 726--734
\OT1/ptm/m/n/10 ob-server, which we can es-ti-mate as $[] \OT1/cmr/m/n/10 = \OM
L/cmm/m/it/10 x[]=n$\OT1/ptm/m/n/10 . The
 []


LaTeX Warning: No positions in optional float specifier.
               Default added (so using `tbp') on input line 760.

LaTeX Font Info:    External font `cmex10' loaded for size
(Font)              <8> on input line 763.
LaTeX Font Info:    External font `cmex10' loaded for size
(Font)              <6> on input line 763.
[3]
LaTeX Font Info:    Try loading font information for OT1+pcr on input line 916.

(/usr/local/texlive/2018/texmf-dist/tex/latex/psnfss/ot1pcr.fd
File: ot1pcr.fd 2001/06/04 font definitions for OT1/pcr.
) [4]
<paper_files/figure-latex/detection_compare-1.pdf, id=236, 463.7325pt x 316.181
24pt>
File: paper_files/figure-latex/detection_compare-1.pdf Graphic file (type pdf)
<use paper_files/figure-latex/detection_compare-1.pdf>
Package pdftex.def Info: paper_files/figure-latex/detection_compare-1.pdf  used
 on input line 953.
(pdftex.def)             Requested size: 252.0pt x 171.82085pt.
<paper_files/figure-latex/unnamed-chunk-1-1.pdf, id=237, 453.695pt x 315.1775pt
>
File: paper_files/figure-latex/unnamed-chunk-1-1.pdf Graphic file (type pdf)
<use paper_files/figure-latex/unnamed-chunk-1-1.pdf>
Package pdftex.def Info: paper_files/figure-latex/unnamed-chunk-1-1.pdf  used o
n input line 993.
(pdftex.def)             Requested size: 252.0pt x 175.06024pt.

Overfull \hbox (10.0pt too wide) in paragraph at lines 993--994
[][] 
 []

<paper_files/figure-latex/certainty-1.pdf, id=238, 459.7175pt x 310.15875pt>
File: paper_files/figure-latex/certainty-1.pdf Graphic file (type pdf)
<use paper_files/figure-latex/certainty-1.pdf>
Package pdftex.def Info: paper_files/figure-latex/certainty-1.pdf  used on inpu
t line 1013.
(pdftex.def)             Requested size: 252.0pt x 170.01991pt.
<paper_files/figure-latex/reason-1.pdf, id=239, 463.7325pt x 310.15875pt>
File: paper_files/figure-latex/reason-1.pdf Graphic file (type pdf)
<use paper_files/figure-latex/reason-1.pdf>
Package pdftex.def Info: paper_files/figure-latex/reason-1.pdf  used on input l
ine 1030.
(pdftex.def)             Requested size: 252.0pt x 168.54807pt.
[5 <./paper_files/figure-latex/detection_compare-1.pdf> <./paper_files/figure-l
atex/certainty-1.pdf> <./paper_files/figure-latex/unnamed-chunk-1-1.pdf>]
<paper_files/figure-latex/contributors-1.pdf, id=277, 463.7325pt x 315.1775pt>
File: paper_files/figure-latex/contributors-1.pdf Graphic file (type pdf)
<use paper_files/figure-latex/contributors-1.pdf>
Package pdftex.def Info: paper_files/figure-latex/contributors-1.pdf  used on i
nput line 1046.
(pdftex.def)             Requested size: 252.0pt x 171.27538pt.
<paper_files/figure-latex/choices-1.pdf, id=278, 716.6775pt x 858.20625pt>
File: paper_files/figure-latex/choices-1.pdf Graphic file (type pdf)
<use paper_files/figure-latex/choices-1.pdf>
Package pdftex.def Info: paper_files/figure-latex/choices-1.pdf  used on input 
line 1055.
(pdftex.def)             Requested size: 252.0pt x 301.76477pt.
LaTeX Font Info:    Try loading font information for OMS+ptm on input line 1072
.
(/usr/local/texlive/2018/texmf-dist/tex/latex/psnfss/omsptm.fd
File: omsptm.fd 
)
LaTeX Font Info:    Font shape `OMS/ptm/m/n' in size <10> not available
(Font)              Font shape `OMS/cmsy/m/n' tried instead on input line 1072.

[6 <./paper_files/figure-latex/reason-1.pdf> <./paper_files/figure-latex/contri
butors-1.pdf> <./paper_files/figure-latex/choices-1.pdf>]
Overfull \hbox (141.49846pt too wide) in paragraph at lines 1105--1122
[][] 
 []


Overfull \hbox (24.0pt too wide) in paragraph at lines 1128--1128
[]\OT1/pcr/m/n/10 ##                  Detected? No Detected? Yes[] 
 []


Overfull \hbox (24.0pt too wide) in paragraph at lines 1128--1128
[]\OT1/pcr/m/n/10 ##   Predicted: No           431           121[] 
 []


Overfull \hbox (24.0pt too wide) in paragraph at lines 1128--1128
[]\OT1/pcr/m/n/10 ##   Predicted: Yes          242           310[] 
 []


Overfull \hbox (57.69727pt too wide) detected at line 1132
[] \OT1/cmr/m/n/10 = 0\OML/cmm/m/it/10 :\OT1/cmr/m/n/10 0217 + 0\OML/cmm/m/it/1
0 :\OT1/cmr/m/n/10 42\OML/cmm/m/it/10 Hex \OMS/cmsy/m/n/10 ^^@ \OT1/cmr/m/n/10 
3\OML/cmm/m/it/10 :\OT1/cmr/m/n/10 25[] \OMS/cmsy/m/n/10 ^^@ \OT1/cmr/m/n/10 1\
OML/cmm/m/it/10 :\OT1/cmr/m/n/10 24[] + 2\OML/cmm/m/it/10 :\OT1/cmr/m/n/10 37[]
 + 1\OML/cmm/m/it/10 :\OT1/cmr/m/n/10 08[]
 []

<paper_files/figure-latex/unnamed-chunk-3-1.pdf, id=317, 457.71pt x 316.18124pt
>
File: paper_files/figure-latex/unnamed-chunk-3-1.pdf Graphic file (type pdf)
<use paper_files/figure-latex/unnamed-chunk-3-1.pdf>
Package pdftex.def Info: paper_files/figure-latex/unnamed-chunk-3-1.pdf  used o
n input line 1142.
(pdftex.def)             Requested size: 252.0pt x 174.07872pt.

Overfull \hbox (10.0pt too wide) in paragraph at lines 1142--1143
[][] 
 []


Overfull \hbox (48.0pt too wide) in paragraph at lines 1149--1149
[]\OT1/pcr/m/n/10 ##   sigma logLik   AIC   BIC deviance df.residual[] 
 []


Overfull \hbox (48.0pt too wide) in paragraph at lines 1149--1149
[]\OT1/pcr/m/n/10 ##   <dbl>  <dbl> <dbl> <dbl>    <dbl>       <int>[] 
 []


Overfull \hbox (48.0pt too wide) in paragraph at lines 1149--1149
[]\OT1/pcr/m/n/10 ## 1 0.430  -675. 1367. 1407.    1321.        1096[] 
 []


Overfull \hbox (144.0pt too wide) in paragraph at lines 1163--1163
[]\OT1/pcr/m/n/10 ##   term                       estimate std.error statistic 
group[] 
 []


Overfull \hbox (144.0pt too wide) in paragraph at lines 1163--1163
[]\OT1/pcr/m/n/10 ##   <chr>                         <dbl>     <dbl>     <dbl> 
<chr>[] 
 []


Overfull \hbox (144.0pt too wide) in paragraph at lines 1163--1163
[]\OT1/pcr/m/n/10 ## 1 (Intercept)                   0.505    0.0340     14.9  
fixed[] 
 []


Overfull \hbox (144.0pt too wide) in paragraph at lines 1163--1163
[]\OT1/pcr/m/n/10 ## 2 typeHex.                      0.103    0.0448      2.31 
fixed[] 
 []


Overfull \hbox (144.0pt too wide) in paragraph at lines 1163--1163
[]\OT1/pcr/m/n/10 ## 3 trendThree Cities            -0.467    0.0448    -10.4  
fixed[] 
 []


Overfull \hbox (144.0pt too wide) in paragraph at lines 1163--1163
[]\OT1/pcr/m/n/10 ## 4 trendAll Cities              -0.277    0.0448     -6.19 
fixed[] 
 []


Overfull \hbox (144.0pt too wide) in paragraph at lines 1163--1163
[]\OT1/pcr/m/n/10 ## 5 typeHex.:trendThree Cities    0.250    0.0633      3.95 
fixed[] 
 []


Overfull \hbox (144.0pt too wide) in paragraph at lines 1163--1163
[]\OT1/pcr/m/n/10 ## 6 typeHex.:trendAll Cities      0.239    0.0633      3.77 
fixed[] 
 []


Overfull \hbox (180.0pt too wide) in paragraph at lines 1163--1163
[]\OT1/pcr/m/n/10 ## 7 sd_(Intercept).contributor    0.118   NA          NA    
contributor[] 
 []


Overfull \hbox (162.0pt too wide) in paragraph at lines 1163--1163
[]\OT1/pcr/m/n/10 ## 8 sd_Observation.Residual       0.430   NA          NA    
Residual[] 
 []


Overfull \hbox (48.0pt too wide) in paragraph at lines 1181--1181
[]\OT1/pcr/m/n/10 ##   sigma logLik   AIC   BIC deviance df.residual[] 
 []


Overfull \hbox (48.0pt too wide) in paragraph at lines 1181--1181
[]\OT1/pcr/m/n/10 ##   <dbl>  <dbl> <dbl> <dbl>    <dbl>       <int>[] 
 []


Overfull \hbox (48.0pt too wide) in paragraph at lines 1181--1181
[]\OT1/pcr/m/n/10 ## 1 0.445  -685. 1380. 1405.    1365.        1099[] 
 []


Overfull \hbox (168.0pt too wide) in paragraph at lines 1192--1192
[]\OT1/pcr/m/n/10 ##   term                           estimate std.error statis
tic group[] 
 []


Overfull \hbox (168.0pt too wide) in paragraph at lines 1192--1192
[]\OT1/pcr/m/n/10 ##   <chr>                             <dbl>     <dbl>     <d
bl> <chr>[] 
 []


Overfull \hbox (168.0pt too wide) in paragraph at lines 1192--1192
[]\OT1/pcr/m/n/10 ## 1 (Intercept)                       0.669    0.0501      1
3.4 fixed[] 
 []


Overfull \hbox (168.0pt too wide) in paragraph at lines 1192--1192
[]\OT1/pcr/m/n/10 ## 2 sd_(Intercept).trend              0.456   NA           N
A   trend[] 
 []


Overfull \hbox (168.0pt too wide) in paragraph at lines 1192--1192
[]\OT1/pcr/m/n/10 ## 3 sd_typeHex..trend                 0.287   NA           N
A   trend[] 
 []


Overfull \hbox (168.0pt too wide) in paragraph at lines 1192--1192
[]\OT1/pcr/m/n/10 ## 4 cor_(Intercept).typeHex..trend   -0.989   NA           N
A   trend[] 
 []


Overfull \hbox (186.0pt too wide) in paragraph at lines 1192--1192
[]\OT1/pcr/m/n/10 ## 5 sd_Observation.Residual           0.445   NA           N
A   Residual[] 
 []


Overfull \hbox (18.0pt too wide) in paragraph at lines 1221--1221
[]\OT1/pcr/m/n/10 ## Linear mixed model fit by REML ['lmerMod'][] 
 []


Overfull \hbox (66.0pt too wide) in paragraph at lines 1221--1221
[]\OT1/pcr/m/n/10 ## Formula: detect ~ type * trend + (1 | contributor)[] 
 []


Overfull \hbox (36.0pt too wide) in paragraph at lines 1221--1221
[]\OT1/pcr/m/n/10 ## Number of obs: 1104, groups:  contributor, 92[] 
 []


Overfull \hbox (90.0pt too wide) in paragraph at lines 1221--1221
[]\OT1/pcr/m/n/10 ##                (Intercept)                    typeHex.[] 
 []


Overfull \hbox (90.0pt too wide) in paragraph at lines 1221--1221
[]\OT1/pcr/m/n/10 ##                     0.5054                      0.1033[] 
 []


Overfull \hbox (90.0pt too wide) in paragraph at lines 1221--1221
[]\OT1/pcr/m/n/10 ##          trendThree Cities             trendAll Cities[] 
 []


Overfull \hbox (90.0pt too wide) in paragraph at lines 1221--1221
[]\OT1/pcr/m/n/10 ##                    -0.4674                     -0.2772[] 
 []


Overfull \hbox (90.0pt too wide) in paragraph at lines 1221--1221
[]\OT1/pcr/m/n/10 ## typeHex.:trendThree Cities    typeHex.:trendAll Cities[] 
 []


Overfull \hbox (90.0pt too wide) in paragraph at lines 1221--1221
[]\OT1/pcr/m/n/10 ##                     0.2500                      0.2391[] 
 []

<paper_files/figure-latex/demogs-1.pdf, id=318, 459.7175pt x 315.1775pt>
File: paper_files/figure-latex/demogs-1.pdf Graphic file (type pdf)
<use paper_files/figure-latex/demogs-1.pdf>
Package pdftex.def Info: paper_files/figure-latex/demogs-1.pdf  used on input l
ine 1257.
(pdftex.def)             Requested size: 252.0pt x 172.77104pt.

Overfull \hbox (10.0pt too wide) in paragraph at lines 1257--1258
[][] 
 []

[7 <./paper_files/figure-latex/unnamed-chunk-3-1.pdf>]
Overfull \hbox (4.69835pt too wide) in paragraph at lines 1276--1287
[][] 
 []


Underfull \hbox (badness 2990) in paragraph at lines 1307--1311
\OT1/ptm/m/it/10 Aus-tralian Bu-reau of Statis-tics\OT1/ptm/m/n/10 . Aus-tralia
n Gov-ern-ment.
 []


Underfull \hbox (badness 10000) in paragraph at lines 1307--1311
[]$\OT1/ptm/m/n/10 %7Bhttps : / / www . abs . gov . au / websitedbs / D3310114 
. nsf /
 []


Underfull \hbox (badness 10000) in paragraph at lines 1307--1311
\OT1/ptm/m/n/10 home / Australian % 20 % 20 % 20Statistical % 20Geography %
 []


** Conference Paper **
Before submitting the final camera ready copy, remember to:

 1. Manually equalize the lengths of two columns on the last page
 of your paper;

 2. Ensure that any PostScript and/or PDF output post-processing
 uses only Type 1 fonts and that every step in the generation
 process uses the appropriate paper size.

Package atveryend Info: Empty hook `BeforeClearDocument' on input line 1342.
[8 <./paper_files/figure-latex/demogs-1.pdf>]
Package atveryend Info: Empty hook `AfterLastShipout' on input line 1342.
(./paper.aux)
Package atveryend Info: Executing hook `AtVeryEndDocument' on input line 1342.
Package atveryend Info: Executing hook `AtEndAfterFileList' on input line 1342.

Package rerunfilecheck Info: File `paper.out' has not changed.
(rerunfilecheck)             Checksum: 2138E7999B3B0C54B29D1F3262E3B5E3;5308.
Package atveryend Info: Empty hook `AtVeryVeryEnd' on input line 1342.
 ) 
Here is how much of TeX's memory you used:
 9416 strings out of 492649
 138370 string characters out of 6129623
 225669 words of memory out of 5000000
 13155 multiletter control sequences out of 15000+600000
 37069 words of font info for 72 fonts, out of 8000000 for 9000
 1144 hyphenation exceptions out of 8191
 28i,7n,33p,548b,352s stack positions out of 5000i,500n,10000p,200000b,80000s
{/usr/local/texlive/2018/texmf-dist/fonts/enc/dvips/base/8r.enc}</usr/local/t
exlive/2018/texmf-dist/fonts/type1/public/amsfonts/cm/cmex10.pfb></usr/local/te
xlive/2018/texmf-dist/fonts/type1/public/amsfonts/cm/cmmi10.pfb></usr/local/tex
live/2018/texmf-dist/fonts/type1/public/amsfonts/cm/cmmi5.pfb></usr/local/texli
ve/2018/texmf-dist/fonts/type1/public/amsfonts/cm/cmmi7.pfb></usr/local/texlive
/2018/texmf-dist/fonts/type1/public/amsfonts/cm/cmr10.pfb></usr/local/texlive/2
018/texmf-dist/fonts/type1/public/amsfonts/cm/cmr5.pfb></usr/local/texlive/2018
/texmf-dist/fonts/type1/public/amsfonts/cm/cmr7.pfb></usr/local/texlive/2018/te
xmf-dist/fonts/type1/public/amsfonts/cm/cmsy10.pfb></usr/local/texlive/2018/tex
mf-dist/fonts/type1/public/amsfonts/cm/cmsy7.pfb></usr/local/texlive/2018/texmf
-dist/fonts/type1/urw/courier/ucrr8a.pfb></usr/local/texlive/2018/texmf-dist/fo
nts/type1/urw/times/utmb8a.pfb></usr/local/texlive/2018/texmf-dist/fonts/type1/
urw/times/utmbi8a.pfb></usr/local/texlive/2018/texmf-dist/fonts/type1/urw/times
/utmr8a.pfb></usr/local/texlive/2018/texmf-dist/fonts/type1/urw/times/utmri8a.p
fb>
Output written on paper.pdf (8 pages, 544697 bytes).
PDF statistics:
 439 PDF objects out of 1000 (max. 8388607)
 380 compressed objects within 4 object streams
 101 named destinations out of 1000 (max. 500000)
 350 words of extra memory for PDF output out of 10000 (max. 10000000)

